INFO:root:Request: GET http://localhost:8000/
INFO:root:Request: GET http://localhost:8000/favicon.ico
INFO:root:Request: GET http://localhost:8000/favicon.ico/
INFO:root:Request: GET http://127.0.0.1:8000/
INFO:root:Request: GET http://127.0.0.1:8000/favicon.ico
INFO:root:Request: GET http://127.0.0.1:8000/favicon.ico/
INFO:root:Request: GET http://127.0.0.1:8000/
INFO:root:Request: GET http://127.0.0.1:8000/favicon.ico
INFO:root:Request: GET http://127.0.0.1:8000/favicon.ico/
INFO:root:Request: GET http://127.0.0.1:8000/docs
INFO:root:Request: GET http://127.0.0.1:8000/openapi.json
INFO:root:Request: GET http://127.0.0.1:8000/docs
INFO:root:Request: GET http://127.0.0.1:8000/openapi.json
INFO:root:Request: GET http://127.0.0.1:8000/docs
INFO:root:Request: GET http://127.0.0.1:8000/openapi.json
INFO:root:Request: POST http://127.0.0.1:8000/login
INFO:root:Request: GET http://127.0.0.1:8000/docs
INFO:root:Request: GET http://127.0.0.1:8000/openapi.json
INFO:root:Request: GET http://127.0.0.1:9000/
INFO:root:Request: GET http://127.0.0.1:9000/favicon.ico
INFO:root:Request: GET http://127.0.0.1:9000/favicon.ico/
INFO:root:Request: GET http://127.0.0.1:9000/doc
INFO:root:Request: GET http://127.0.0.1:9000/doc/
INFO:root:Request: GET http://127.0.0.1:9000/favicon.ico
INFO:root:Request: GET http://127.0.0.1:9000/favicon.ico/
INFO:root:Request: GET http://127.0.0.1:9000/docs
INFO:root:Request: GET http://127.0.0.1:9000/openapi.json
INFO:root:Request: GET http://127.0.0.1:9000/docs
INFO:root:Request: GET http://127.0.0.1:9000/openapi.json
INFO:root:Request: GET http://127.0.0.1:9000/users/users
INFO:root:Request: GET http://127.0.0.1:9000/users//
INFO:root:Request: GET http://127.0.0.1:9000/users/users
INFO:root:Request: GET http://127.0.0.1:9000/users/all
INFO:root:Request: GET http://127.0.0.1:9000/users/all
INFO:root:Request: GET http://127.0.0.1:9000/users/all
INFO:root:Request: GET http://127.0.0.1:9000/metrics
INFO:root:Request: GET http://127.0.0.1:9000/docs
INFO:root:Request: GET http://127.0.0.1:9000/openapi.json
INFO:root:Request: GET http://127.0.0.1:9000/docs
INFO:root:Request: GET http://127.0.0.1:9000/openapi.json
INFO:root:Request: GET http://127.0.0.1:9000/users/all
INFO:root:Request: GET http://127.0.0.1:9000/docs
INFO:root:Request: GET http://127.0.0.1:9000/docs
INFO:root:Request: GET http://127.0.0.1:9000/openapi.json
INFO:root:Request: GET http://127.0.0.1:9000/users/all
INFO:root:Request: GET http://127.0.0.1:9000/docs
INFO:root:Request: GET http://127.0.0.1:9000/openapi.json
INFO:root:Request: GET http://127.0.0.1:9000/
INFO:root:Request: GET http://127.0.0.1:9000/
INFO:root:Request: GET http://127.0.0.1:9000/users/all
INFO:root:Request: GET http://127.0.0.1:9000/users/all
INFO:httpx:HTTP Request: GET http://localhost:8000/all "HTTP/1.1 404 Not Found"
INFO:root:Request: GET http://127.0.0.1:9000/users/all
INFO:root:Request: GET http://127.0.0.1:9000/users/users/all
INFO:httpx:HTTP Request: GET http://localhost:8000/users/all "HTTP/1.1 200 OK"
INFO:root:Request: GET http://localhost:9000/
INFO:root:Request: GET http://localhost:9000/favicon.ico
INFO:root:Request: GET http://localhost:9000/favicon.ico/
INFO:root:Request: GET http://localhost:9000/docs
INFO:root:Request: GET http://localhost:9000/openapi.json
INFO:root:Request: GET http://localhost:9000/users/users
INFO:httpx:HTTP Request: GET http://localhost:8001/users "HTTP/1.1 404 Not Found"
INFO:root:Request: GET http://localhost:9000/users/users/all
INFO:httpx:HTTP Request: GET http://localhost:8001/users/all "HTTP/1.1 200 OK"
INFO:root:Request: GET http://localhost:9000/docs
INFO:root:Request: GET http://localhost:9000/openapi.json
INFO:root:Request: POST http://localhost:9000/register
INFO:root:Request: POST http://localhost:9000/register
INFO:root:Request: OPTIONS http://localhost:9000/user/register
INFO:root:Request: OPTIONS http://localhost:9000/user/register
INFO:root:Request: POST http://localhost:9000/user/register
INFO:root:Request: OPTIONS http://localhost:9000/users/register
INFO:root:Request: POST http://localhost:9000/users/register
INFO:root:Request: GET http://localhost:9000/users/users/all
INFO:httpx:HTTP Request: GET http://localhost:8001/users/all "HTTP/1.1 200 OK"
INFO:root:Request: POST http://localhost:9000/users/register
INFO:root:Request: POST http://localhost:9000/users/register
INFO:root:Request: POST http://localhost:9000/users/register
INFO:root:Request: POST http://localhost:9000/users/register
INFO:root:Request: POST http://localhost:9000/users/register
INFO:root:Request: POST http://localhost:9000/users/register
INFO:httpx:HTTP Request: POST http://localhost:8001/register "HTTP/1.1 200 OK"
INFO:root:Request: POST http://localhost:9000/users/register
INFO:httpx:HTTP Request: POST http://localhost:8001/register "HTTP/1.1 400 Bad Request"
INFO:root:Request: POST http://localhost:9000/users/register
INFO:httpx:HTTP Request: POST http://localhost:8001/register "HTTP/1.1 200 OK"
INFO:root:Request: OPTIONS http://localhost:9000/users/login
INFO:root:Request: POST http://localhost:9000/users/login
INFO:httpx:HTTP Request: POST http://localhost:8001/validate-user "HTTP/1.1 404 Not Found"
INFO:root:Request: POST http://localhost:9000/users/login
INFO:httpx:HTTP Request: POST http://localhost:8001/validate-user "HTTP/1.1 404 Not Found"
INFO:root:Request: POST http://localhost:9000/users/login
INFO:httpx:HTTP Request: POST http://localhost:8001/validate-user "HTTP/1.1 404 Not Found"
INFO:root:Request: POST http://localhost:9000/users/login
INFO:httpx:HTTP Request: POST http://localhost:8001/validate-user "HTTP/1.1 404 Not Found"
INFO:root:Request: POST http://localhost:9000/login
INFO:root:Request: POST http://localhost:9000/login/
INFO:root:Request: GET http://localhost:9000/docs
INFO:root:Request: GET http://localhost:9000/openapi.json
INFO:root:Request: POST http://localhost:9000/users/login
INFO:root:Request: POST http://localhost:9000/users/login
INFO:httpx:HTTP Request: POST http://localhost:8001/validate-user "HTTP/1.1 404 Not Found"
INFO:root:Request: POST http://localhost:9000/users/login
INFO:httpx:HTTP Request: POST http://localhost:8001/validate-user "HTTP/1.1 404 Not Found"
INFO:root:Request: POST http://localhost:9000/users/login
INFO:httpx:HTTP Request: POST http://localhost:8001/validate-user "HTTP/1.1 404 Not Found"
INFO:root:Request: POST http://localhost:9000/users/login
INFO:httpx:HTTP Request: POST http://localhost:8001/validate-user "HTTP/1.1 404 Not Found"
INFO:root:Request: POST http://localhost:9000/users/login
INFO:httpx:HTTP Request: POST http://localhost:8001/validate-user "HTTP/1.1 404 Not Found"
INFO:root:Request: POST http://localhost:9000/users/login
INFO:httpx:HTTP Request: POST http://localhost:8001/validate-user "HTTP/1.1 404 Not Found"
INFO:root:Request: POST http://localhost:9000/users/login
INFO:httpx:HTTP Request: POST http://localhost:8001/login "HTTP/1.1 200 OK"
INFO:root:Request: OPTIONS http://localhost:9000/users/login
INFO:root:Request: GET http://localhost:9000/docs
INFO:root:Request: POST http://localhost:9000/users/login
INFO:root:Request: GET http://localhost:9000/openapi.json
INFO:httpx:HTTP Request: POST http://localhost:8001/login "HTTP/1.1 200 OK"
INFO:root:Request: POST http://localhost:9000/users/login
INFO:httpx:HTTP Request: POST http://localhost:8001/login "HTTP/1.1 200 OK"
INFO:root:Request: POST http://localhost:9000/users/login
INFO:httpx:HTTP Request: POST http://localhost:8001/login "HTTP/1.1 200 OK"
INFO:root:Request: POST http://localhost:9000/users/login
INFO:httpx:HTTP Request: POST http://localhost:8001/login "HTTP/1.1 200 OK"
INFO:root:Request: POST http://localhost:9000/users/login
INFO:httpx:HTTP Request: POST http://localhost:8001/login "HTTP/1.1 200 OK"
INFO:root:Request: POST http://localhost:9000/users/login
INFO:httpx:HTTP Request: POST http://localhost:8001/login "HTTP/1.1 200 OK"
INFO:root:Request: OPTIONS http://localhost:9000/users/login
INFO:root:Request: POST http://localhost:9000/users/login
INFO:httpx:HTTP Request: POST http://localhost:8001/login "HTTP/1.1 401 Unauthorized"
INFO:root:Request: OPTIONS http://localhost:9000/users/register
INFO:root:Request: POST http://localhost:9000/users/register
INFO:httpx:HTTP Request: POST http://localhost:8001/register "HTTP/1.1 200 OK"
INFO:root:Request: POST http://localhost:9000/users/login
INFO:httpx:HTTP Request: POST http://localhost:8001/login "HTTP/1.1 200 OK"
INFO:root:Request: OPTIONS http://localhost:9000/users/login
INFO:root:Request: POST http://localhost:9000/users/login
INFO:httpx:HTTP Request: POST http://localhost:8001/login "HTTP/1.1 200 OK"
INFO:root:Request: OPTIONS http://localhost:9000/users/login
INFO:root:Request: POST http://localhost:9000/users/login
INFO:httpx:HTTP Request: POST http://localhost:8001/login "HTTP/1.1 200 OK"
INFO:root:Request: POST http://localhost:9000/users/login
INFO:httpx:HTTP Request: POST http://localhost:8001/login "HTTP/1.1 200 OK"
INFO:root:Request: OPTIONS http://localhost:9000/users/login
INFO:root:Request: POST http://localhost:9000/users/login
INFO:httpx:HTTP Request: POST http://localhost:8001/login "HTTP/1.1 200 OK"
INFO:root:Request: OPTIONS http://localhost:9000/users/login
INFO:root:Request: POST http://localhost:9000/users/login
INFO:httpx:HTTP Request: POST http://localhost:8001/login "HTTP/1.1 200 OK"
INFO:root:Request: POST http://localhost:9000/users/login
INFO:httpx:HTTP Request: POST http://localhost:8001/login "HTTP/1.1 200 OK"
INFO:root:Request: POST http://localhost:9000/users/login
INFO:httpx:HTTP Request: POST http://localhost:8001/login "HTTP/1.1 200 OK"
INFO:root:Request: POST http://localhost:9000/users/login
INFO:httpx:HTTP Request: POST http://localhost:8001/login "HTTP/1.1 200 OK"
INFO:root:Request: POST http://localhost:9000/users/login
INFO:httpx:HTTP Request: POST http://localhost:8001/login "HTTP/1.1 200 OK"
INFO:root:Request: POST http://localhost:9000/users/login
INFO:httpx:HTTP Request: POST http://localhost:8001/login "HTTP/1.1 200 OK"
INFO:root:Request: OPTIONS http://localhost:9000/users/login
INFO:root:Request: POST http://localhost:9000/users/login
INFO:httpx:HTTP Request: POST http://localhost:8001/login "HTTP/1.1 200 OK"
INFO:root:Request: POST http://localhost:9000/users/login
INFO:httpx:HTTP Request: POST http://localhost:8001/login "HTTP/1.1 401 Unauthorized"
INFO:root:Request: OPTIONS http://localhost:9000/users/register
INFO:root:Request: POST http://localhost:9000/users/register
INFO:httpx:HTTP Request: POST http://localhost:8001/register "HTTP/1.1 200 OK"
INFO:root:Request: POST http://localhost:9000/users/login
INFO:httpx:HTTP Request: POST http://localhost:8001/login "HTTP/1.1 200 OK"
INFO:root:Request: POST http://localhost:9000/users/login
INFO:httpx:HTTP Request: POST http://localhost:8001/login "HTTP/1.1 200 OK"
INFO:root:Request: OPTIONS http://localhost:9000/users/login
INFO:root:Request: POST http://localhost:9000/users/login
INFO:httpx:HTTP Request: POST http://localhost:8001/login "HTTP/1.1 200 OK"
INFO:root:Request: OPTIONS http://localhost:9000/users/register
INFO:root:Request: POST http://localhost:9000/users/register
INFO:httpx:HTTP Request: POST http://localhost:8001/register "HTTP/1.1 200 OK"
INFO:root:Request: POST http://localhost:9000/users/login
INFO:httpx:HTTP Request: POST http://localhost:8001/login "HTTP/1.1 200 OK"
INFO:root:Request: POST http://localhost:9000/users/login
INFO:httpx:HTTP Request: POST http://localhost:8001/login "HTTP/1.1 200 OK"
INFO:root:Request: OPTIONS http://localhost:9000/users/login
INFO:root:Request: POST http://localhost:9000/users/login
INFO:httpx:HTTP Request: POST http://localhost:8001/login "HTTP/1.1 200 OK"
INFO:root:Request: POST http://localhost:9000/users/login
INFO:httpx:HTTP Request: POST http://localhost:8001/login "HTTP/1.1 401 Unauthorized"
INFO:root:Request: POST http://localhost:9000/users/login
INFO:httpx:HTTP Request: POST http://localhost:8001/login "HTTP/1.1 401 Unauthorized"
INFO:root:Request: POST http://localhost:9000/users/login
INFO:httpx:HTTP Request: POST http://localhost:8001/login "HTTP/1.1 200 OK"
INFO:root:Request: POST http://localhost:9000/users/login
INFO:httpx:HTTP Request: POST http://localhost:8001/login "HTTP/1.1 200 OK"
INFO:root:Request: OPTIONS http://localhost:9000/users/login
INFO:root:Request: POST http://localhost:9000/users/login
INFO:httpx:HTTP Request: POST http://localhost:8001/login "HTTP/1.1 200 OK"
INFO:root:Request: OPTIONS http://localhost:9000/users/login
INFO:root:Request: POST http://localhost:9000/users/login
INFO:httpx:HTTP Request: POST http://localhost:8001/login "HTTP/1.1 200 OK"
INFO:root:Request: POST http://localhost:9000/users/login
INFO:httpx:HTTP Request: POST http://localhost:8001/login "HTTP/1.1 200 OK"
INFO:root:Request: POST http://localhost:9000/users/login
INFO:httpx:HTTP Request: POST http://localhost:8001/login "HTTP/1.1 200 OK"
INFO:root:Request: POST http://localhost:9000/users/login
INFO:httpx:HTTP Request: POST http://localhost:8001/login "HTTP/1.1 200 OK"
INFO:root:Request: OPTIONS http://localhost:9000/users/login
INFO:root:Request: POST http://localhost:9000/users/login
INFO:httpx:HTTP Request: POST http://localhost:8001/login "HTTP/1.1 200 OK"
INFO:root:Request: OPTIONS http://localhost:9000/users/register
INFO:root:Request: POST http://localhost:9000/users/register
INFO:httpx:HTTP Request: POST http://localhost:8001/register "HTTP/1.1 200 OK"
INFO:root:Request: POST http://localhost:9000/users/login
INFO:httpx:HTTP Request: POST http://localhost:8001/login "HTTP/1.1 200 OK"
INFO:root:Request: POST http://localhost:9000/users/login
INFO:httpx:HTTP Request: POST http://localhost:8001/login "HTTP/1.1 200 OK"
INFO:root:Request: OPTIONS http://localhost:9000/users/login
INFO:root:Request: POST http://localhost:9000/users/login
INFO:httpx:HTTP Request: POST http://localhost:8001/login "HTTP/1.1 200 OK"
INFO:root:Request: POST http://localhost:9000/users/login
INFO:httpx:HTTP Request: POST http://localhost:8001/login "HTTP/1.1 401 Unauthorized"
INFO:root:Request: POST http://localhost:9000/users/login
INFO:httpx:HTTP Request: POST http://localhost:8001/login "HTTP/1.1 200 OK"
INFO:root:Request: POST http://localhost:9000/users/login
INFO:httpx:HTTP Request: POST http://localhost:8001/login "HTTP/1.1 200 OK"
INFO:root:Request: OPTIONS http://localhost:9000/users/login
INFO:root:Request: POST http://localhost:9000/users/login
INFO:httpx:HTTP Request: POST http://localhost:8001/login "HTTP/1.1 200 OK"
INFO:root:Request: POST http://localhost:9000/users/login
INFO:httpx:HTTP Request: POST http://localhost:8001/login "HTTP/1.1 401 Unauthorized"
INFO:root:Request: POST http://localhost:9000/users/login
INFO:httpx:HTTP Request: POST http://localhost:8001/login "HTTP/1.1 401 Unauthorized"
INFO:root:Request: POST http://localhost:9000/users/login
INFO:httpx:HTTP Request: POST http://localhost:8001/login "HTTP/1.1 401 Unauthorized"
INFO:root:Request: POST http://localhost:9000/users/login
INFO:httpx:HTTP Request: POST http://localhost:8001/login "HTTP/1.1 200 OK"
INFO:root:Request: POST http://localhost:9000/users/login
INFO:httpx:HTTP Request: POST http://localhost:8001/login "HTTP/1.1 401 Unauthorized"
INFO:root:Request: POST http://localhost:9000/users/login
INFO:httpx:HTTP Request: POST http://localhost:8001/login "HTTP/1.1 401 Unauthorized"
INFO:root:Request: POST http://localhost:9000/users/login
INFO:httpx:HTTP Request: POST http://localhost:8001/login "HTTP/1.1 401 Unauthorized"
INFO:root:Request: OPTIONS http://localhost:9000/users/register
INFO:root:Request: POST http://localhost:9000/users/register
INFO:httpx:HTTP Request: POST http://localhost:8001/register "HTTP/1.1 200 OK"
INFO:root:Request: POST http://localhost:9000/users/login
INFO:httpx:HTTP Request: POST http://localhost:8001/login "HTTP/1.1 401 Unauthorized"
INFO:root:Request: POST http://localhost:9000/users/login
INFO:httpx:HTTP Request: POST http://localhost:8001/login "HTTP/1.1 200 OK"
INFO:root:Request: OPTIONS http://localhost:9000/users/register
INFO:root:Request: POST http://localhost:9000/users/register
INFO:httpx:HTTP Request: POST http://localhost:8001/register "HTTP/1.1 200 OK"
INFO:root:Request: OPTIONS http://localhost:9000/users/login
INFO:root:Request: POST http://localhost:9000/users/login
INFO:httpx:HTTP Request: POST http://localhost:8001/login "HTTP/1.1 200 OK"
INFO:root:Request: POST http://localhost:9000/users/register
INFO:httpx:HTTP Request: POST http://localhost:8001/register "HTTP/1.1 200 OK"
INFO:root:Request: POST http://localhost:9000/users/register
INFO:httpx:HTTP Request: POST http://localhost:8001/register "HTTP/1.1 400 Bad Request"
INFO:root:Request: POST http://localhost:9000/users/login
INFO:httpx:HTTP Request: POST http://localhost:8001/login "HTTP/1.1 200 OK"
INFO:root:Request: GET http://localhost:9000/docs
INFO:root:Request: GET http://localhost:9000/openapi.json
INFO:root:Request: GET http://localhost:9000/traffic/status
INFO:root:Request: GET http://localhost:9000/
INFO:root:Request: GET http://localhost:9000/traffic/status
INFO:root:Request: GET http://localhost:9000/traffic/status
INFO:httpx:HTTP Request: GET http://localhost:8002/status "HTTP/1.1 422 Unprocessable Entity"
INFO:root:Request: GET http://localhost:9000/traffic/status?WSlat=10.866375&WSlng=106.801471&NElat=10.8667246&NElng=106.8021762
INFO:httpx:HTTP Request: GET http://localhost:8002/status "HTTP/1.1 422 Unprocessable Entity"
INFO:root:Request: GET http://localhost:9000/traffic/status?WSlat=10.866375&WSlng=106.801471&NElat=10.8667246&NElng=106.8021762
INFO:root:Request: GET http://localhost:9000/traffic/status?WSlat=10.866375&WSlng=106.801471&NElat=10.8667246&NElng=106.8021762
INFO:root:Request: GET http://localhost:9000/traffic/status?WSlat=10.866375&WSlng=106.801471&NElat=10.8667246&NElng=106.8021762
INFO:root:Request: GET http://localhost:9000/traffic/status?WSlat=10.866375&WSlng=106.801471&NElat=10.8667246&NElng=106.8021762
INFO:root:Request: GET http://localhost:9000/traffic/status?WSlat=10.866375&WSlng=106.801471&NElat=10.8667246&NElng=106.8021762
INFO:httpx:HTTP Request: GET http://localhost:8002/status?WSlat=10.866375&WSlng=106.801471&NElat=10.8667246&NElng=106.8021762&level=0 "HTTP/1.1 200 OK"
INFO:root:Request: GET http://localhost:9000/traffic/status?WSlat=10.866375&WSlng=106.801471&NElat=10.8667246&NElng=106.8021762
INFO:httpx:HTTP Request: GET http://localhost:8002/status?WSlat=10.866375&WSlng=106.801471&NElat=10.8667246&NElng=106.8021762&level=0 "HTTP/1.1 200 OK"
INFO:root:Request: GET http://localhost:9000/traffic/status?WSlat=10.5&WSlng=106.3&NElat=11.2&NElng=107.1&level=0
INFO:root:Request: GET http://localhost:9000/traffic/status?WSlat=10.5&WSlng=106.3&NElat=11.2&NElng=107.1&level=0
INFO:root:Request: GET http://localhost:9000/traffic/status?WSlat=10.866375&WSlng=106.801471&NElat=10.8667246&NElng=106.8021762
INFO:httpx:HTTP Request: GET http://localhost:8002/status?WSlat=10.866375&WSlng=106.801471&NElat=10.8667246&NElng=106.8021762&level=0 "HTTP/1.1 200 OK"
INFO:root:Request: GET http://localhost:9000/docs
INFO:root:Request: GET http://localhost:9000/openapi.json
INFO:root:Request: GET http://localhost:9000/traffic/camera
INFO:httpx:HTTP Request: GET http://localhost:8002/camera "HTTP/1.1 200 OK"
INFO:root:Request: GET http://localhost:9000/traffic/camera
INFO:httpx:HTTP Request: GET http://localhost:8002/camera "HTTP/1.1 200 OK"
INFO:root:Request: GET http://localhost:9000/traffic/camera
INFO:httpx:HTTP Request: GET http://localhost:8002/camera "HTTP/1.1 200 OK"
INFO:root:Request: GET http://localhost:9000/traffic/camera
INFO:httpx:HTTP Request: GET http://localhost:8002/camera "HTTP/1.1 200 OK"
INFO:root:Request: GET http://localhost:9000/traffic/camera
INFO:httpx:HTTP Request: GET http://localhost:8002/camera "HTTP/1.1 200 OK"
INFO:root:Request: GET http://localhost:9000/traffic/camera
INFO:httpx:HTTP Request: GET http://localhost:8002/camera "HTTP/1.1 200 OK"
INFO:root:Request: GET http://localhost:9000/traffic/camera
INFO:httpx:HTTP Request: GET http://localhost:8002/camera "HTTP/1.1 200 OK"
INFO:root:Request: GET http://localhost:9000/traffic/camera
INFO:httpx:HTTP Request: GET http://localhost:8002/camera "HTTP/1.1 200 OK"
INFO:root:Request: GET http://localhost:9000/traffic/camera
INFO:httpx:HTTP Request: GET http://localhost:8002/camera "HTTP/1.1 200 OK"
INFO:root:Request: GET http://localhost:9000/docs
INFO:root:Request: GET http://localhost:9000/traffic/camera
INFO:httpx:HTTP Request: GET http://localhost:8002/camera "HTTP/1.1 200 OK"
INFO:root:Request: GET http://localhost:9000/traffic/camera
INFO:httpx:HTTP Request: GET http://localhost:8002/camera "HTTP/1.1 200 OK"
INFO:root:Request: GET http://localhost:9000/traffic/camera
INFO:httpx:HTTP Request: GET http://localhost:8002/camera "HTTP/1.1 200 OK"
INFO:root:Request: GET http://localhost:9000/traffic/camera
INFO:httpx:HTTP Request: GET http://localhost:8002/camera "HTTP/1.1 200 OK"
INFO:root:Request: GET http://localhost:9000/traffic/camera
INFO:httpx:HTTP Request: GET http://localhost:8002/camera "HTTP/1.1 200 OK"
INFO:root:Request: GET http://localhost:9000/traffic/camera
INFO:httpx:HTTP Request: GET http://localhost:8002/camera "HTTP/1.1 200 OK"
INFO:root:Request: GET http://localhost:9000/traffic/camera
INFO:httpx:HTTP Request: GET http://localhost:8002/camera "HTTP/1.1 200 OK"
INFO:root:Request: GET http://localhost:9000/traffic/camera
INFO:httpx:HTTP Request: GET http://localhost:8002/camera "HTTP/1.1 200 OK"
INFO:root:Request: GET http://localhost:9000/traffic/camera
INFO:httpx:HTTP Request: GET http://localhost:8002/camera "HTTP/1.1 200 OK"
INFO:root:Request: GET http://localhost:9000/traffic/camera
INFO:httpx:HTTP Request: GET http://localhost:8002/camera "HTTP/1.1 200 OK"
INFO:root:Request: GET http://localhost:9000/traffic/camera
INFO:httpx:HTTP Request: GET http://localhost:8002/camera "HTTP/1.1 200 OK"
INFO:root:Request: GET http://localhost:9000/traffic/camera
INFO:httpx:HTTP Request: GET http://localhost:8002/camera "HTTP/1.1 200 OK"
INFO:root:Request: GET http://localhost:9000/traffic/camera
INFO:httpx:HTTP Request: GET http://localhost:8002/camera "HTTP/1.1 200 OK"
INFO:root:Request: GET http://localhost:9000/traffic/camera
INFO:httpx:HTTP Request: GET http://localhost:8002/camera "HTTP/1.1 200 OK"
INFO:root:Request: OPTIONS http://localhost:9000/users/login
INFO:root:Request: POST http://localhost:9000/users/login
INFO:httpx:HTTP Request: POST http://localhost:8001/login "HTTP/1.1 200 OK"
INFO:root:Request: GET http://localhost:9000/traffic/camera
INFO:httpx:HTTP Request: GET http://localhost:8002/camera "HTTP/1.1 200 OK"
INFO:root:Request: POST http://localhost:9000/users/login
INFO:httpx:HTTP Request: POST http://localhost:8001/login "HTTP/1.1 200 OK"
INFO:root:Request: GET http://localhost:9000/traffic/camera
INFO:httpx:HTTP Request: GET http://localhost:8002/camera "HTTP/1.1 200 OK"
INFO:root:Request: GET http://localhost:9000/traffic/camera
INFO:httpx:HTTP Request: GET http://localhost:8002/camera "HTTP/1.1 200 OK"
INFO:root:Request: GET http://localhost:9000/traffic/camera
INFO:httpx:HTTP Request: GET http://localhost:8002/camera "HTTP/1.1 200 OK"
INFO:root:Request: GET http://localhost:9000/traffic/camera
INFO:httpx:HTTP Request: GET http://localhost:8002/camera "HTTP/1.1 200 OK"
INFO:root:Request: GET http://localhost:9000/traffic/camera
INFO:httpx:HTTP Request: GET http://localhost:8002/camera "HTTP/1.1 200 OK"
INFO:root:Request: GET http://localhost:9000/traffic/camera
INFO:httpx:HTTP Request: GET http://localhost:8002/camera "HTTP/1.1 200 OK"
INFO:root:Request: GET http://localhost:9000/traffic/camera
INFO:httpx:HTTP Request: GET http://localhost:8002/camera "HTTP/1.1 200 OK"
INFO:root:Request: GET http://localhost:9000/traffic/camera
INFO:httpx:HTTP Request: GET http://localhost:8002/camera "HTTP/1.1 200 OK"
INFO:root:Request: GET http://localhost:9000/traffic/camera
INFO:httpx:HTTP Request: GET http://localhost:8002/camera "HTTP/1.1 200 OK"
INFO:root:Request: GET http://localhost:9000/traffic/camera
INFO:httpx:HTTP Request: GET http://localhost:8002/camera "HTTP/1.1 200 OK"
INFO:root:Request: GET http://localhost:9000/traffic/camera
INFO:httpx:HTTP Request: GET http://localhost:8002/camera "HTTP/1.1 200 OK"
INFO:root:Request: GET http://localhost:9000/traffic/camera
INFO:httpx:HTTP Request: GET http://localhost:8002/camera "HTTP/1.1 200 OK"
INFO:root:Request: GET http://localhost:9000/traffic/camera
INFO:httpx:HTTP Request: GET http://localhost:8002/camera "HTTP/1.1 200 OK"
INFO:root:Request: GET http://localhost:9000/traffic/camera
INFO:httpx:HTTP Request: GET http://localhost:8002/camera "HTTP/1.1 200 OK"
INFO:root:Request: GET http://localhost:9000/traffic/camera
INFO:httpx:HTTP Request: GET http://localhost:8002/camera "HTTP/1.1 200 OK"
INFO:root:Request: GET http://localhost:9000/traffic/camera
INFO:httpx:HTTP Request: GET http://localhost:8002/camera "HTTP/1.1 200 OK"
INFO:root:Request: GET http://localhost:9000/traffic/camera
INFO:httpx:HTTP Request: GET http://localhost:8002/camera "HTTP/1.1 200 OK"
INFO:root:Request: GET http://localhost:9000/traffic/camera
INFO:httpx:HTTP Request: GET http://localhost:8002/camera "HTTP/1.1 200 OK"
INFO:root:Request: GET http://localhost:9000/traffic/camera
INFO:httpx:HTTP Request: GET http://localhost:8002/camera "HTTP/1.1 200 OK"
INFO:root:Request: GET http://localhost:9000/traffic/camera
INFO:httpx:HTTP Request: GET http://localhost:8002/camera "HTTP/1.1 200 OK"
INFO:root:Request: GET http://localhost:9000/traffic/camera
<<<<<<< HEAD
INFO:httpx:HTTP Request: GET http://localhost:8002/camera "HTTP/1.1 200 OK"
INFO:root:Request: GET http://localhost:9000/traffic/camera
INFO:httpx:HTTP Request: GET http://localhost:8002/camera "HTTP/1.1 200 OK"
INFO:root:Request: GET http://localhost:9000/traffic/camera
INFO:httpx:HTTP Request: GET http://localhost:8002/camera "HTTP/1.1 200 OK"
INFO:root:Request: GET http://localhost:9000/traffic/camera
INFO:httpx:HTTP Request: GET http://localhost:8002/camera "HTTP/1.1 200 OK"
INFO:root:Request: GET http://localhost:9000/traffic/camera
INFO:httpx:HTTP Request: GET http://localhost:8002/camera "HTTP/1.1 200 OK"
INFO:root:Request: GET http://localhost:9000/traffic/camera
INFO:httpx:HTTP Request: GET http://localhost:8002/camera "HTTP/1.1 200 OK"
INFO:root:Request: GET http://localhost:9000/traffic/camera
INFO:httpx:HTTP Request: GET http://localhost:8002/camera "HTTP/1.1 200 OK"
INFO:root:Request: GET http://localhost:9000/traffic/camera
INFO:httpx:HTTP Request: GET http://localhost:8002/camera "HTTP/1.1 200 OK"
INFO:root:Request: GET http://localhost:9000/traffic/camera
INFO:httpx:HTTP Request: GET http://localhost:8002/camera "HTTP/1.1 200 OK"
INFO:root:Request: GET http://localhost:9000/traffic/camera
INFO:httpx:HTTP Request: GET http://localhost:8002/camera "HTTP/1.1 200 OK"
INFO:root:Request: GET http://localhost:9000/traffic/camera
INFO:httpx:HTTP Request: GET http://localhost:8002/camera "HTTP/1.1 200 OK"
INFO:root:Request: GET http://localhost:9000/traffic/camera
INFO:httpx:HTTP Request: GET http://localhost:8002/camera "HTTP/1.1 200 OK"
INFO:root:Request: GET http://localhost:9000/traffic/camera
INFO:httpx:HTTP Request: GET http://localhost:8002/camera "HTTP/1.1 200 OK"
INFO:root:Request: GET http://localhost:9000/traffic/camera
INFO:httpx:HTTP Request: GET http://localhost:8002/camera "HTTP/1.1 200 OK"
INFO:root:Request: GET http://localhost:9000/traffic/camera
INFO:httpx:HTTP Request: GET http://localhost:8002/camera "HTTP/1.1 200 OK"
INFO:root:Request: GET http://localhost:9000/traffic/camera
INFO:httpx:HTTP Request: GET http://localhost:8002/camera "HTTP/1.1 200 OK"
INFO:root:Request: GET http://localhost:9000/traffic/camera
INFO:httpx:HTTP Request: GET http://localhost:8002/camera "HTTP/1.1 200 OK"
INFO:root:Request: GET http://localhost:9000/traffic/camera
INFO:httpx:HTTP Request: GET http://localhost:8002/camera "HTTP/1.1 200 OK"
INFO:root:Request: GET http://localhost:9000/traffic/camera
INFO:httpx:HTTP Request: GET http://localhost:8002/camera "HTTP/1.1 200 OK"
INFO:root:Request: GET http://localhost:9000/docs
INFO:root:Request: GET http://localhost:9000/openapi.json
INFO:root:Request: GET http://localhost:8000/docs
INFO:root:Request: GET http://localhost:8000/openapi.json
INFO:root:Request: GET http://localhost:9000/docs
INFO:root:Request: GET http://localhost:9000/openapi.json
INFO:root:Request: GET http://localhost:9000/traffic/camera
INFO:httpx:HTTP Request: GET http://localhost:8002/camera "HTTP/1.1 200 OK"
INFO:root:Request: GET http://localhost:9000/traffic/camera
INFO:httpx:HTTP Request: GET http://localhost:8002/camera "HTTP/1.1 200 OK"
INFO:root:Request: GET http://localhost:9000/traffic/camera
INFO:httpx:HTTP Request: GET http://localhost:8002/camera "HTTP/1.1 200 OK"
INFO:root:Request: GET http://localhost:9000/traffic/camera
INFO:httpx:HTTP Request: GET http://localhost:8002/camera "HTTP/1.1 200 OK"
INFO:root:Request: GET http://localhost:9000/traffic/camera
INFO:httpx:HTTP Request: GET http://localhost:8002/camera "HTTP/1.1 200 OK"
INFO:root:Request: GET http://localhost:9000/traffic/camera
INFO:httpx:HTTP Request: GET http://localhost:8002/camera "HTTP/1.1 200 OK"
INFO:root:Request: GET http://localhost:9000/docs
INFO:root:Request: GET http://localhost:9000/openapi.json
INFO:root:Request: GET http://localhost:9000/traffic/camera
INFO:httpx:HTTP Request: GET http://localhost:8002/camera "HTTP/1.1 200 OK"
INFO:root:Request: GET http://localhost:9000/traffic/camera
INFO:httpx:HTTP Request: GET http://localhost:8002/camera "HTTP/1.1 200 OK"
INFO:root:Request: GET http://localhost:9000/traffic/camera
INFO:httpx:HTTP Request: GET http://localhost:8002/camera "HTTP/1.1 200 OK"
INFO:root:Request: GET http://localhost:9000/traffic/camera
INFO:httpx:HTTP Request: GET http://localhost:8002/camera "HTTP/1.1 200 OK"
INFO:root:Request: GET http://localhost:9000/traffic/camera
INFO:httpx:HTTP Request: GET http://localhost:8002/camera "HTTP/1.1 200 OK"
=======
>>>>>>> 082052614798e2eac9a9b2e67bc6722447cb6154
INFO:root:Request: GET http://localhost:9000/traffic/camera
INFO:httpx:HTTP Request: GET http://localhost:8002/camera "HTTP/1.1 200 OK"
INFO:root:Request: GET http://localhost:9000/traffic/camera
INFO:httpx:HTTP Request: GET http://localhost:8002/camera "HTTP/1.1 200 OK"
INFO:root:Request: GET http://localhost:9000/traffic/camera
INFO:httpx:HTTP Request: GET http://localhost:8002/camera "HTTP/1.1 200 OK"
INFO:root:Request: GET http://localhost:9000/traffic/camera
INFO:httpx:HTTP Request: GET http://localhost:8002/camera "HTTP/1.1 200 OK"
INFO:root:Request: GET http://localhost:9000/traffic/camera
INFO:httpx:HTTP Request: GET http://localhost:8002/camera "HTTP/1.1 200 OK"
INFO:root:Request: GET http://localhost:9000/traffic/camera
INFO:httpx:HTTP Request: GET http://localhost:8002/camera "HTTP/1.1 200 OK"
INFO:root:Request: GET http://localhost:9000/traffic/camera
INFO:httpx:HTTP Request: GET http://localhost:8002/camera "HTTP/1.1 200 OK"
INFO:root:Request: GET http://localhost:9000/traffic/camera
INFO:httpx:HTTP Request: GET http://localhost:8002/camera "HTTP/1.1 200 OK"
INFO:root:Request: GET http://localhost:9000/traffic/camera
INFO:httpx:HTTP Request: GET http://localhost:8002/camera "HTTP/1.1 200 OK"
INFO:root:Request: GET http://localhost:9000/traffic/camera
INFO:httpx:HTTP Request: GET http://localhost:8002/camera "HTTP/1.1 200 OK"
INFO:root:Request: GET http://localhost:9000/traffic/camera
INFO:httpx:HTTP Request: GET http://localhost:8002/camera "HTTP/1.1 200 OK"
INFO:root:Request: GET http://localhost:9000/traffic/camera
INFO:httpx:HTTP Request: GET http://localhost:8002/camera "HTTP/1.1 200 OK"
INFO:root:Request: GET http://localhost:9000/traffic/camera
INFO:httpx:HTTP Request: GET http://localhost:8002/camera "HTTP/1.1 200 OK"
INFO:root:Request: GET http://localhost:9000/traffic/camera
INFO:httpx:HTTP Request: GET http://localhost:8002/camera "HTTP/1.1 200 OK"
INFO:root:Request: GET http://localhost:9000/traffic/camera
INFO:httpx:HTTP Request: GET http://localhost:8002/camera "HTTP/1.1 200 OK"
INFO:root:Request: GET http://localhost:9000/traffic/camera
INFO:httpx:HTTP Request: GET http://localhost:8002/camera "HTTP/1.1 200 OK"
INFO:root:Request: GET http://localhost:9000/traffic/camera
INFO:httpx:HTTP Request: GET http://localhost:8002/camera "HTTP/1.1 200 OK"
INFO:root:Request: GET http://localhost:9000/traffic/camera
INFO:httpx:HTTP Request: GET http://localhost:8002/camera "HTTP/1.1 200 OK"
INFO:root:Request: GET http://localhost:9000/traffic/camera
INFO:httpx:HTTP Request: GET http://localhost:8002/camera "HTTP/1.1 200 OK"
INFO:root:Request: GET http://localhost:9000/traffic/camera
INFO:httpx:HTTP Request: GET http://localhost:8002/camera "HTTP/1.1 200 OK"
INFO:root:Request: GET http://localhost:9000/traffic/camera
INFO:httpx:HTTP Request: GET http://localhost:8002/camera "HTTP/1.1 200 OK"
INFO:root:Request: GET http://localhost:9000/traffic/camera
INFO:httpx:HTTP Request: GET http://localhost:8002/camera "HTTP/1.1 200 OK"
INFO:root:Request: GET http://localhost:9000/traffic/camera
INFO:httpx:HTTP Request: GET http://localhost:8002/camera "HTTP/1.1 200 OK"
INFO:root:Request: GET http://localhost:9000/traffic/camera
INFO:httpx:HTTP Request: GET http://localhost:8002/camera "HTTP/1.1 200 OK"
INFO:root:Request: GET http://localhost:9000/traffic/camera
INFO:httpx:HTTP Request: GET http://localhost:8002/camera "HTTP/1.1 200 OK"
INFO:root:Request: GET http://localhost:9000/traffic/camera
INFO:httpx:HTTP Request: GET http://localhost:8002/camera "HTTP/1.1 200 OK"
INFO:root:Request: GET http://localhost:9000/traffic/camera
INFO:httpx:HTTP Request: GET http://localhost:8002/camera "HTTP/1.1 200 OK"
INFO:root:Request: GET http://localhost:9000/traffic/camera
INFO:httpx:HTTP Request: GET http://localhost:8002/camera "HTTP/1.1 200 OK"
INFO:root:Request: GET http://localhost:9000/traffic/camera
INFO:httpx:HTTP Request: GET http://localhost:8002/camera "HTTP/1.1 200 OK"
INFO:root:Request: GET http://localhost:9000/traffic/camera
INFO:httpx:HTTP Request: GET http://localhost:8002/camera "HTTP/1.1 200 OK"
INFO:root:Request: GET http://localhost:9000/traffic/camera
INFO:httpx:HTTP Request: GET http://localhost:8002/camera "HTTP/1.1 200 OK"
INFO:root:Request: GET http://localhost:9000/traffic/camera
INFO:httpx:HTTP Request: GET http://localhost:8002/camera "HTTP/1.1 200 OK"
INFO:root:Request: GET http://localhost:9000/traffic/camera
INFO:httpx:HTTP Request: GET http://localhost:8002/camera "HTTP/1.1 200 OK"
INFO:root:Request: GET http://localhost:9000/traffic/camera
INFO:httpx:HTTP Request: GET http://localhost:8002/camera "HTTP/1.1 200 OK"
INFO:root:Request: GET http://localhost:9000/traffic/camera
INFO:httpx:HTTP Request: GET http://localhost:8002/camera "HTTP/1.1 200 OK"
INFO:root:Request: GET http://localhost:9000/traffic/camera
INFO:httpx:HTTP Request: GET http://localhost:8002/camera "HTTP/1.1 200 OK"
INFO:root:Request: GET http://localhost:9000/traffic/camera
INFO:httpx:HTTP Request: GET http://localhost:8002/camera "HTTP/1.1 200 OK"
INFO:root:Request: OPTIONS http://localhost:9000/feedback/items/processed
INFO:root:Request: OPTIONS http://localhost:9000/feedback/items/processed
INFO:root:Request: GET http://localhost:9000/feedback/items/processed
INFO:root:Request: GET http://localhost:9000/feedback/items/processed
INFO:root:Request: GET http://localhost:9000/feedback/items/processed
INFO:root:Request: GET http://localhost:9000/favicon.ico
INFO:root:Request: OPTIONS http://localhost:9000/feedback/items/processed
INFO:root:Request: OPTIONS http://localhost:9000/feedback/items/processed
INFO:root:Request: GET http://localhost:9000/feedback/items/processed
INFO:root:Request: GET http://localhost:9000/feedback/items/processed
INFO:root:Request: GET http://localhost:9000/feedback/items/processed
INFO:root:Request: GET http://localhost:9000/feedback/items/processed
INFO:root:Request: GET http://localhost:9000/feedback/items/processed
INFO:root:Request: GET http://localhost:9000/feedback/items/processed
INFO:root:Request: GET http://localhost:9000/feedback/items/processed
INFO:root:Request: GET http://localhost:9000/feedback/items/processed
INFO:root:Request: OPTIONS http://localhost:9000/users/login
INFO:root:Request: POST http://localhost:9000/users/login
INFO:root:Request: POST http://localhost:9000/users/login
INFO:root:Request: OPTIONS http://localhost:9000/users/register
INFO:root:Request: POST http://localhost:9000/users/register
INFO:root:Request: POST http://localhost:9000/users/register
INFO:root:Request: POST http://localhost:9000/users/register
INFO:root:Request: POST http://localhost:9000/users/register
INFO:root:Request: GET http://localhost:9000/feedback/items/processed
INFO:root:Request: GET http://localhost:9000/feedback/items/processed
INFO:root:Request: OPTIONS http://localhost:9000/users/login
INFO:root:Request: POST http://localhost:9000/users/login
INFO:httpx:HTTP Request: POST http://localhost:8001/login "HTTP/1.1 401 Unauthorized"
INFO:root:Request: POST http://localhost:9000/users/login
INFO:httpx:HTTP Request: POST http://localhost:8001/login "HTTP/1.1 401 Unauthorized"
INFO:root:Request: POST http://localhost:9000/users/login
INFO:httpx:HTTP Request: POST http://localhost:8001/login "HTTP/1.1 401 Unauthorized"
INFO:root:Request: GET http://localhost:9000/feedback/items/processed
INFO:root:Request: GET http://localhost:9000/feedback/items/processed
INFO:root:Request: GET http://localhost:9000/feedback/items/processed
INFO:root:Request: GET http://localhost:9000/feedback/items/processed
INFO:root:Request: GET http://localhost:9000/feedback/items/processed
INFO:httpx:HTTP Request: GET http://localhost:8003/items/processed "HTTP/1.1 500 Internal Server Error"
INFO:root:Request: GET http://localhost:9000/feedback/items/processed
INFO:httpx:HTTP Request: GET http://localhost:8003/items/processed "HTTP/1.1 500 Internal Server Error"
